ble-sdk/build/intermediates/manifest_merge_blame_file/release/manifest-merger-blame-release-report.txt
1<?xml version="1.0" encoding="utf-8"?>
2<manifest xmlns:android="http://schemas.android.com/apk/res/android"
3    package="com.znhaas.sdk" >
4
5    <uses-sdk android:minSdkVersion="22" />
6
7    <uses-feature
7-->src/main/AndroidManifest.xml:4:5-6:36
8        android:name="android.hardware.bluetooth_le"
8-->src/main/AndroidManifest.xml:5:9-53
9        android:required="false" />
9-->src/main/AndroidManifest.xml:6:9-33
10
11    <uses-permission
11-->src/main/AndroidManifest.xml:8:5-95
12        android:name="android.permission.BLUETOOTH"
12-->src/main/AndroidManifest.xml:8:22-65
13        android:maxSdkVersion="30" />
13-->src/main/AndroidManifest.xml:8:66-92
14    <uses-permission
14-->src/main/AndroidManifest.xml:9:5-101
15        android:name="android.permission.BLUETOOTH_ADMIN"
15-->src/main/AndroidManifest.xml:9:22-71
16        android:maxSdkVersion="30" />
16-->src/main/AndroidManifest.xml:9:72-98
17    <uses-permission
17-->src/main/AndroidManifest.xml:10:5-108
18        android:name="android.permission.ACCESS_COARSE_LOCATION"
18-->src/main/AndroidManifest.xml:10:22-78
19        android:maxSdkVersion="30" />
19-->src/main/AndroidManifest.xml:10:79-105
20    <uses-permission android:name="android.permission.ACCESS_FINE_LOCATION" />
20-->src/main/AndroidManifest.xml:11:5-79
20-->src/main/AndroidManifest.xml:11:22-76
21    <uses-permission android:name="android.permission.BLUETOOTH_SCAN" />
21-->src/main/AndroidManifest.xml:12:5-73
21-->src/main/AndroidManifest.xml:12:22-70
22    <uses-permission android:name="android.permission.BLUETOOTH_CONNECT" />
22-->src/main/AndroidManifest.xml:13:5-76
22-->src/main/AndroidManifest.xml:13:22-73
23
24</manifest>